{"F:\\projects\\AMNS_FRONT\\App.js": {"path":"F:\\projects\\AMNS_FRONT\\App.js","statementMap":{"0":{"start":{"line":7,"column":2},"end":{"line":13,"column":3}}},"fnMap":{"0":{"name":"App","decl":{"start":{"line":6,"column":24},"end":{"line":6,"column":27}},"loc":{"start":{"line":6,"column":30},"end":{"line":14,"column":1}},"line":6}},"branchMap":{},"s":{"0":1},"f":{"0":1},"b":{},"_coverageSchema":"1a1c01bbd47fc00a2c39e90264f33305004495a9","hash":"44644d7c81f257da923512ed2b436fd8ae9b340d"}
,"F:\\projects\\AMNS_FRONT\\app\\components\\Counter.js": {"path":"F:\\projects\\AMNS_FRONT\\app\\components\\Counter.js","statementMap":{"0":{"start":{"line":6,"column":16},"end":{"line":18,"column":1}},"1":{"start":{"line":8,"column":16},"end":{"line":8,"column":59}},"2":{"start":{"line":8,"column":39},"end":{"line":8,"column":58}},"3":{"start":{"line":9,"column":19},"end":{"line":9,"column":32}},"4":{"start":{"line":11,"column":2},"end":{"line":17,"column":3}},"5":{"start":{"line":13,"column":29},"end":{"line":13,"column":50}},"6":{"start":{"line":14,"column":29},"end":{"line":14,"column":50}}},"fnMap":{"0":{"name":"(anonymous_0)","decl":{"start":{"line":6,"column":16},"end":{"line":6,"column":17}},"loc":{"start":{"line":6,"column":22},"end":{"line":18,"column":1}},"line":6},"1":{"name":"(anonymous_1)","decl":{"start":{"line":8,"column":28},"end":{"line":8,"column":29}},"loc":{"start":{"line":8,"column":39},"end":{"line":8,"column":58}},"line":8},"2":{"name":"(anonymous_2)","decl":{"start":{"line":13,"column":23},"end":{"line":13,"column":24}},"loc":{"start":{"line":13,"column":29},"end":{"line":13,"column":50}},"line":13},"3":{"name":"(anonymous_3)","decl":{"start":{"line":14,"column":23},"end":{"line":14,"column":24}},"loc":{"start":{"line":14,"column":29},"end":{"line":14,"column":50}},"line":14}},"branchMap":{},"s":{"0":1,"1":1,"2":1,"3":1,"4":1,"5":0,"6":0},"f":{"0":1,"1":1,"2":0,"3":0},"b":{},"_coverageSchema":"1a1c01bbd47fc00a2c39e90264f33305004495a9","hash":"95ffbb4b99b3c56a8f52102f203a8bffdacee96b"}
,"F:\\projects\\AMNS_FRONT\\app\\redux\\store.js": {"path":"F:\\projects\\AMNS_FRONT\\app\\redux\\store.js","statementMap":{"0":{"start":{"line":3,"column":21},"end":{"line":7,"column":4}}},"fnMap":{},"branchMap":{},"s":{"0":1},"f":{},"b":{},"_coverageSchema":"1a1c01bbd47fc00a2c39e90264f33305004495a9","hash":"237cd9c178df56133ed8f8f7c15f52354dc977c9"}
,"F:\\projects\\AMNS_FRONT\\app\\redux\\slices\\counterSlice.js": {"path":"F:\\projects\\AMNS_FRONT\\app\\redux\\slices\\counterSlice.js","statementMap":{"0":{"start":{"line":3,"column":21},"end":{"line":5,"column":1}},"1":{"start":{"line":7,"column":28},"end":{"line":24,"column":2}},"2":{"start":{"line":12,"column":12},"end":{"line":12,"column":29}},"3":{"start":{"line":15,"column":12},"end":{"line":15,"column":29}},"4":{"start":{"line":18,"column":12},"end":{"line":18,"column":28}},"5":{"start":{"line":21,"column":12},"end":{"line":21,"column":42}},"6":{"start":{"line":26,"column":66},"end":{"line":26,"column":86}}},"fnMap":{"0":{"name":"(anonymous_0)","decl":{"start":{"line":11,"column":19},"end":{"line":11,"column":20}},"loc":{"start":{"line":11,"column":30},"end":{"line":13,"column":9}},"line":11},"1":{"name":"(anonymous_1)","decl":{"start":{"line":14,"column":19},"end":{"line":14,"column":20}},"loc":{"start":{"line":14,"column":30},"end":{"line":16,"column":9}},"line":14},"2":{"name":"(anonymous_2)","decl":{"start":{"line":17,"column":15},"end":{"line":17,"column":16}},"loc":{"start":{"line":17,"column":26},"end":{"line":19,"column":9}},"line":17},"3":{"name":"(anonymous_3)","decl":{"start":{"line":20,"column":27},"end":{"line":20,"column":28}},"loc":{"start":{"line":20,"column":46},"end":{"line":22,"column":9}},"line":20}},"branchMap":{},"s":{"0":1,"1":1,"2":0,"3":0,"4":0,"5":0,"6":1},"f":{"0":0,"1":0,"2":0,"3":0},"b":{},"_coverageSchema":"1a1c01bbd47fc00a2c39e90264f33305004495a9","hash":"451dd11cefcecc2de7f7ca76b203d00336f63a23"}
}
